<?xml version="1.0" encoding="UTF-8" ?>
<testsuite tests="21" failures="10" name="TestSuite" time="82.012" errors="0" skipped="0">
  <properties>
[...]
</properties>
  <testcase classname="io.platform.project.tests.CatalogPageTest" name="testGoToLoginPage" time="2.55"/>
  <testcase classname="io.platform.project.tests.CatalogPageTest" name="testLoggedIn" time="0.868"/>
  <testcase classname="io.platform.project.tests.CatalogPageTest" name="testPageHeader" time="0.077">
    <failure message="expected [Welcome to iBusiness] but found [My Account Information]" type="java.lang.AssertionError">java.lang.AssertionError: expected [Welcome to iBusiness] but found [My Account Information]
	at org.testng.Assert.fail(Assert.java:94)
	at org.testng.Assert.failNotEquals(Assert.java:494)
	at org.testng.Assert.assertEquals(Assert.java:123)
	at org.testng.Assert.assertEquals(Assert.java:176)
	at org.testng.Assert.assertEquals(Assert.java:186)
	at io.platform.project.tests.CatalogPageTest.testPageHeader(CatalogPageTest.java:31)
</failure>
    <system-out>[Common] - [[ChromeDriver: chrome on XP (d99bc5dbfb65c630254b60471383cf7e)] -&gt; xpath: //*[@id=&quot;bodyContent&quot;]/h1] found
[Common] - Text value returned: My Account Information
</system-out>
  </testcase>
  <testcase classname="io.platform.project.tests.ContactUsTest" name="contactUsTest" time="0.083">
    <failure message="Malformed email address" type="java.lang.RuntimeException">java.lang.RuntimeException: Malformed email address
	at io.platform.project.pageObjects.ContactUsPage.fillInEmailTextBox(ContactUsPage.java:58)
	at io.platform.project.tests.ContactUsTest.contactUsTest(ContactUsTest.java:36)
</failure>
    <system-out>[ReadPropertyFile] - Value in Property file for key browser is Chrome
[WebDriverManager] - Chrome Browser Chosen
[WebDriverManager] - Driver Initialization successful
[ReadPropertyFile] - Value in Property file for key contactUsPageURL is http://107.170.213.234/catalog/contact_us.php
[Common] - Value entered into [[ChromeDriver: chrome on XP (2fe3859aec577619fed0cdc5fbce1a9a)] -&gt; css selector: input[name=&apos;name&apos;]]: 
[ContactUsPage] - Malformed email address
</system-out>
    <system-err>Starting ChromeDriver 74.0.3729.6 (255758eccf3d244491b8a1317aa76e1ce10d57e9-refs/branch-heads/3729@{#29}) on port 21801
Only local connections are allowed.
Please protect ports used by ChromeDriver and related test frameworks to prevent access by malicious code.
May 28, 2019 6:59:35 PM org.openqa.selenium.remote.ProtocolHandshake createSession
INFO: Detected dialect: OSS
</system-err>
  </testcase>
  <testcase classname="io.platform.project.tests.ContactUsTest" name="contactUsTest" time="5.729"/>
  <testcase classname="io.platform.project.tests.ContactUsTest" name="contactUsTest" time="0.111">
    <failure message="Malformed email address" type="java.lang.RuntimeException">java.lang.RuntimeException: Malformed email address
	at io.platform.project.pageObjects.ContactUsPage.fillInEmailTextBox(ContactUsPage.java:58)
	at io.platform.project.tests.ContactUsTest.contactUsTest(ContactUsTest.java:36)
</failure>
    <system-out>[Common] - 
Assertion Passed

[ReadPropertyFile] - Value in Property file for key browser is Chrome
[WebDriverManager] - Chrome Browser Chosen
[WebDriverManager] - Driver Initialization successful
[ReadPropertyFile] - Value in Property file for key contactUsPageURL is http://107.170.213.234/catalog/contact_us.php
[Common] - Value entered into [[ChromeDriver: chrome on XP (361228a8cbca174c81760df498ea8507)] -&gt; css selector: input[name=&apos;name&apos;]]: Lars Jones
[ContactUsPage] - Malformed email address
</system-out>
    <system-err>Starting ChromeDriver 74.0.3729.6 (255758eccf3d244491b8a1317aa76e1ce10d57e9-refs/branch-heads/3729@{#29}) on port 3213
Only local connections are allowed.
Please protect ports used by ChromeDriver and related test frameworks to prevent access by malicious code.
May 28, 2019 6:59:52 PM org.openqa.selenium.remote.ProtocolHandshake createSession
INFO: Detected dialect: OSS
</system-err>
  </testcase>
  <testcase classname="io.platform.project.tests.ContactUsTest" name="contactUsTest" time="0.117">
    <failure message="Malformed email address" type="java.lang.RuntimeException">java.lang.RuntimeException: Malformed email address
	at io.platform.project.pageObjects.ContactUsPage.fillInEmailTextBox(ContactUsPage.java:58)
	at io.platform.project.tests.ContactUsTest.contactUsTest(ContactUsTest.java:36)
</failure>
    <system-out>[ReadPropertyFile] - Value in Property file for key captureLoc is C:\Jon\Programs\eclipse\eclipse\eclipse-workspace\MyFirstFramework\captures
[Common] - 
Assertion Failed. Screenshot taken.

[ReadPropertyFile] - Value in Property file for key browser is Chrome
[WebDriverManager] - Chrome Browser Chosen
[WebDriverManager] - Driver Initialization successful
[ReadPropertyFile] - Value in Property file for key contactUsPageURL is http://107.170.213.234/catalog/contact_us.php
[Common] - Value entered into [[ChromeDriver: chrome on XP (8f8834af16aaa0fe1ab7dd29b40894af)] -&gt; css selector: input[name=&apos;name&apos;]]: Lars Jones
[ContactUsPage] - Malformed email address
</system-out>
    <system-err>Starting ChromeDriver 74.0.3729.6 (255758eccf3d244491b8a1317aa76e1ce10d57e9-refs/branch-heads/3729@{#29}) on port 8751
Only local connections are allowed.
Please protect ports used by ChromeDriver and related test frameworks to prevent access by malicious code.
May 28, 2019 6:59:56 PM org.openqa.selenium.remote.ProtocolHandshake createSession
INFO: Detected dialect: OSS
</system-err>
  </testcase>
  <testcase classname="io.platform.project.tests.ContactUsTest" name="contactUsTest" time="0.125">
    <failure message="Malformed email address" type="java.lang.RuntimeException">java.lang.RuntimeException: Malformed email address
	at io.platform.project.pageObjects.ContactUsPage.fillInEmailTextBox(ContactUsPage.java:58)
	at io.platform.project.tests.ContactUsTest.contactUsTest(ContactUsTest.java:36)
</failure>
    <system-out>[ReadPropertyFile] - Value in Property file for key captureLoc is C:\Jon\Programs\eclipse\eclipse\eclipse-workspace\MyFirstFramework\captures
[Common] - 
Assertion Failed. Screenshot taken.

[ReadPropertyFile] - Value in Property file for key browser is Chrome
[WebDriverManager] - Chrome Browser Chosen
[WebDriverManager] - Driver Initialization successful
[ReadPropertyFile] - Value in Property file for key contactUsPageURL is http://107.170.213.234/catalog/contact_us.php
[Common] - Value entered into [[ChromeDriver: chrome on XP (0514cda05fafbb69499a7ffca95a661b)] -&gt; css selector: input[name=&apos;name&apos;]]: Lars Jones
[ContactUsPage] - Malformed email address
</system-out>
    <system-err>Starting ChromeDriver 74.0.3729.6 (255758eccf3d244491b8a1317aa76e1ce10d57e9-refs/branch-heads/3729@{#29}) on port 39581
Only local connections are allowed.
Please protect ports used by ChromeDriver and related test frameworks to prevent access by malicious code.
May 28, 2019 7:00:00 PM org.openqa.selenium.remote.ProtocolHandshake createSession
INFO: Detected dialect: OSS
</system-err>
  </testcase>
  <testcase classname="io.platform.project.tests.ContactUsTest" name="contactUsTest" time="0.567">
    <failure message="expected [Your enquiry has been successfully sent to the Store Owner.] but found [Full Name:
E-Mail Address:
Enquiry: Howdy!]" type="java.lang.AssertionError">java.lang.AssertionError: expected [Your enquiry has been successfully sent to the Store Owner.] but found [Full Name:
E-Mail Address:
Enquiry: Howdy!]
	at org.testng.Assert.fail(Assert.java:94)
	at org.testng.Assert.failNotEquals(Assert.java:494)
	at org.testng.Assert.assertEquals(Assert.java:123)
	at org.testng.Assert.assertEquals(Assert.java:176)
	at org.testng.Assert.assertEquals(Assert.java:186)
	at io.platform.project.tests.ContactUsTest.contactUsTest(ContactUsTest.java:39)
</failure>
    <system-out>[ReadPropertyFile] - Value in Property file for key captureLoc is C:\Jon\Programs\eclipse\eclipse\eclipse-workspace\MyFirstFramework\captures
[Common] - 
Assertion Failed. Screenshot taken.

[ReadPropertyFile] - Value in Property file for key browser is Chrome
[WebDriverManager] - Chrome Browser Chosen
[WebDriverManager] - Driver Initialization successful
[ReadPropertyFile] - Value in Property file for key contactUsPageURL is http://107.170.213.234/catalog/contact_us.php
[Common] - Value entered into [[ChromeDriver: chrome on XP (34f65e9c661e0c966115ee3b728f5490)] -&gt; css selector: input[name=&apos;name&apos;]]: Lars Jonse
[Common] - Value entered into [[ChromeDriver: chrome on XP (34f65e9c661e0c966115ee3b728f5490)] -&gt; css selector: input[name=&apos;email&apos;]]: lars@test.com
[Common] - Value entered into [[ChromeDriver: chrome on XP (34f65e9c661e0c966115ee3b728f5490)] -&gt; css selector: textarea[name=&apos;enquiry&apos;]]: Howdy!
[Common] - Clicked: [[ChromeDriver: chrome on XP (34f65e9c661e0c966115ee3b728f5490)] -&gt; id: tdb4]
[Common] - [[ChromeDriver: chrome on XP (34f65e9c661e0c966115ee3b728f5490)] -&gt; class name: contentText] found
[Common] - Text value returned: Full Name:
E-Mail Address:
Enquiry: Howdy!
</system-out>
    <system-err>Starting ChromeDriver 74.0.3729.6 (255758eccf3d244491b8a1317aa76e1ce10d57e9-refs/branch-heads/3729@{#29}) on port 13518
Only local connections are allowed.
Please protect ports used by ChromeDriver and related test frameworks to prevent access by malicious code.
May 28, 2019 7:00:05 PM org.openqa.selenium.remote.ProtocolHandshake createSession
INFO: Detected dialect: OSS
</system-err>
  </testcase>
  <testcase classname="io.platform.project.tests.CreateNewAccountTest" name="test" time="7.774">
    <failure message="expected [Your Account Has Been Created!] but found [My Account Information]" type="java.lang.AssertionError">java.lang.AssertionError: expected [Your Account Has Been Created!] but found [My Account Information]
	at org.testng.Assert.fail(Assert.java:94)
	at org.testng.Assert.failNotEquals(Assert.java:494)
	at org.testng.Assert.assertEquals(Assert.java:123)
	at org.testng.Assert.assertEquals(Assert.java:176)
	at org.testng.Assert.assertEquals(Assert.java:186)
	at io.platform.project.tests.CreateNewAccountTest.test(CreateNewAccountTest.java:57)
</failure>
    <system-out>[ReadPropertyFile] - Value in Property file for key captureLoc is C:\Jon\Programs\eclipse\eclipse\eclipse-workspace\MyFirstFramework\captures
[Common] - 
Assertion Failed. Screenshot taken.

[ReadPropertyFile] - Value in Property file for key browser is Chrome
[WebDriverManager] - Chrome Browser Chosen
[WebDriverManager] - Driver Initialization successful
[ReadPropertyFile] - Value in Property file for key catalogPageURL is http://107.170.213.234/catalog
[Common] - Clicked: Proxy element for: DefaultElementLocator &apos;By.linkText: create an account&apos;
[Common] - Clicked: [[ChromeDriver: chrome on XP (31233871b07401b55a14d7d6e7ffc371)] -&gt; css selector: input[value=&apos;m&apos;]]
[Common] - Value entered into [[ChromeDriver: chrome on XP (31233871b07401b55a14d7d6e7ffc371)] -&gt; name: firstname]: Jorge
[Common] - Value entered into [[ChromeDriver: chrome on XP (31233871b07401b55a14d7d6e7ffc371)] -&gt; name: lastname]: Jones
[Common] - Value entered into [[ChromeDriver: chrome on XP (31233871b07401b55a14d7d6e7ffc371)] -&gt; id: dob]: 12/21/1943
[Common] - Value entered into [[ChromeDriver: chrome on XP (31233871b07401b55a14d7d6e7ffc371)] -&gt; name: email_address]: jjones@test.com
[Common] - Value entered into [[ChromeDriver: chrome on XP (31233871b07401b55a14d7d6e7ffc371)] -&gt; name: company]: N/A
[Common] - Value entered into [[ChromeDriver: chrome on XP (31233871b07401b55a14d7d6e7ffc371)] -&gt; name: street_address]: 100 Main Street
[Common] - Value entered into [[ChromeDriver: chrome on XP (31233871b07401b55a14d7d6e7ffc371)] -&gt; name: suburb]: The Burbs
[Common] - Value entered into [[ChromeDriver: chrome on XP (31233871b07401b55a14d7d6e7ffc371)] -&gt; name: postcode]: 95070
[Common] - Value entered into [[ChromeDriver: chrome on XP (31233871b07401b55a14d7d6e7ffc371)] -&gt; name: city]: Saratoga
[Common] - Value entered into [[ChromeDriver: chrome on XP (31233871b07401b55a14d7d6e7ffc371)] -&gt; name: state]: CA
[Common] - Value entered into [[ChromeDriver: chrome on XP (31233871b07401b55a14d7d6e7ffc371)] -&gt; name: telephone]: 408-555-1212
[Common] - Value entered into [[ChromeDriver: chrome on XP (31233871b07401b55a14d7d6e7ffc371)] -&gt; name: fax]: 408-555-1213
[Common] - Clicked: [[ChromeDriver: chrome on XP (31233871b07401b55a14d7d6e7ffc371)] -&gt; name: newsletter]
[Common] - Value entered into [[ChromeDriver: chrome on XP (31233871b07401b55a14d7d6e7ffc371)] -&gt; name: password]: password
[Common] - Value entered into [[ChromeDriver: chrome on XP (31233871b07401b55a14d7d6e7ffc371)] -&gt; name: confirmation]: password
[Common] - Clicked: [[ChromeDriver: chrome on XP (31233871b07401b55a14d7d6e7ffc371)] -&gt; id: tdb4]
[Common] - [[ChromeDriver: chrome on XP (31233871b07401b55a14d7d6e7ffc371)] -&gt; xpath: //*[@id=&quot;bodyContent&quot;]/h1] found
[Common] - Text value returned: My Account Information
</system-out>
    <system-err>Starting ChromeDriver 74.0.3729.6 (255758eccf3d244491b8a1317aa76e1ce10d57e9-refs/branch-heads/3729@{#29}) on port 38877
Only local connections are allowed.
Please protect ports used by ChromeDriver and related test frameworks to prevent access by malicious code.
May 28, 2019 7:00:10 PM org.openqa.selenium.remote.ProtocolHandshake createSession
INFO: Detected dialect: OSS
</system-err>
  </testcase>
  <testcase classname="io.platform.project.tests.FailureTest" name="testLogOff" time="4.089">
    <failure message="Element cannot be found" type="java.lang.RuntimeException">java.lang.RuntimeException: Element cannot be found
	at io.platform.project.commons.Common.clickElement(Common.java:57)
	at io.platform.project.pageObjects.CatalogPage.clickLogOffButton(CatalogPage.java:132)
	at io.platform.project.tests.FailureTest.testLogOff(FailureTest.java:32)
</failure>
    <system-out>[ReadPropertyFile] - Value in Property file for key browser is Chrome
[WebDriverManager] - Chrome Browser Chosen
[WebDriverManager] - Driver Initialization successful
[ReadPropertyFile] - Value in Property file for key catalogPageURL is http://107.170.213.234/catalog
[Common] - Element cannot be found - Proxy element for: DefaultElementLocator &apos;By.id: tdb4&apos;
</system-out>
    <system-err>Starting ChromeDriver 74.0.3729.6 (255758eccf3d244491b8a1317aa76e1ce10d57e9-refs/branch-heads/3729@{#29}) on port 40549
Only local connections are allowed.
Please protect ports used by ChromeDriver and related test frameworks to prevent access by malicious code.
May 28, 2019 7:00:21 PM org.openqa.selenium.remote.ProtocolHandshake createSession
INFO: Detected dialect: OSS
</system-err>
  </testcase>
  <testcase classname="io.platform.project.tests.ForgotPasswordTest" name="testForgotPasswordBackButton" time="4.855"/>
  <testcase classname="io.platform.project.tests.ForgotPasswordTest" name="testForgotPasswordBadEmailAddress" time="4.686"/>
  <testcase classname="io.platform.project.tests.ForgotPasswordTest" name="testForgotPasswordGoodEmailAddress" time="6.943"/>
  <testcase classname="io.platform.project.tests.ForgotPasswordTest" name="testForgotPasswordGoodEmailAddressSecondRequest" time="5.081"/>
  <testcase classname="io.platform.project.tests.ForgotPasswordTest" name="testForgotPasswordNoEmailAddress" time="4.755"/>
  <testcase classname="io.platform.project.tests.LoginTest" name="testLogin" time="4.842"/>
  <testcase classname="io.platform.project.tests.LoginTest" name="testLogin" time="2.696">
    <failure message="expected [Welcome to iBusiness] but found [Welcome, Please Sign In]" type="java.lang.AssertionError">java.lang.AssertionError: expected [Welcome to iBusiness] but found [Welcome, Please Sign In]
	at org.testng.Assert.fail(Assert.java:94)
	at org.testng.Assert.failNotEquals(Assert.java:494)
	at org.testng.Assert.assertEquals(Assert.java:123)
	at org.testng.Assert.assertEquals(Assert.java:176)
	at org.testng.Assert.assertEquals(Assert.java:186)
	at io.platform.project.tests.LoginTest.testLogin(LoginTest.java:41)
</failure>
    <system-out>[Common] - 
Assertion Passed

[ReadPropertyFile] - Value in Property file for key browser is Chrome
[WebDriverManager] - Chrome Browser Chosen
[WebDriverManager] - Driver Initialization successful
[ReadPropertyFile] - Value in Property file for key catalogPageURL is http://107.170.213.234/catalog
[Common] - Clicked: Proxy element for: DefaultElementLocator &apos;By.linkText: log yourself in&apos;
[Common] - Value entered into [[ChromeDriver: chrome on XP (8220cc0c5a4a167ac236427c293d5d7b)] -&gt; name: email_address]: 
[Common] - Value entered into [[ChromeDriver: chrome on XP (8220cc0c5a4a167ac236427c293d5d7b)] -&gt; name: password]: 
[Common] - Clicked: [[ChromeDriver: chrome on XP (8220cc0c5a4a167ac236427c293d5d7b)] -&gt; id: tdb5]
[Common] - [[ChromeDriver: chrome on XP (8220cc0c5a4a167ac236427c293d5d7b)] -&gt; xpath: //*[@id=&quot;bodyContent&quot;]/h1] found
[Common] - Text value returned: Welcome, Please Sign In
</system-out>
    <system-err>Starting ChromeDriver 74.0.3729.6 (255758eccf3d244491b8a1317aa76e1ce10d57e9-refs/branch-heads/3729@{#29}) on port 41443
Only local connections are allowed.
Please protect ports used by ChromeDriver and related test frameworks to prevent access by malicious code.
May 28, 2019 7:01:25 PM org.openqa.selenium.remote.ProtocolHandshake createSession
INFO: Detected dialect: OSS
</system-err>
  </testcase>
  <testcase classname="io.platform.project.tests.LoginTest" name="testLogin" time="2.82">
    <failure message="expected [Welcome to iBusiness] but found [Welcome, Please Sign In]" type="java.lang.AssertionError">java.lang.AssertionError: expected [Welcome to iBusiness] but found [Welcome, Please Sign In]
	at org.testng.Assert.fail(Assert.java:94)
	at org.testng.Assert.failNotEquals(Assert.java:494)
	at org.testng.Assert.assertEquals(Assert.java:123)
	at org.testng.Assert.assertEquals(Assert.java:176)
	at org.testng.Assert.assertEquals(Assert.java:186)
	at io.platform.project.tests.LoginTest.testLogin(LoginTest.java:41)
</failure>
    <system-out>[ReadPropertyFile] - Value in Property file for key captureLoc is C:\Jon\Programs\eclipse\eclipse\eclipse-workspace\MyFirstFramework\captures
[Common] - 
Assertion Failed. Screenshot taken.

[ReadPropertyFile] - Value in Property file for key browser is Chrome
[WebDriverManager] - Chrome Browser Chosen
[WebDriverManager] - Driver Initialization successful
[ReadPropertyFile] - Value in Property file for key catalogPageURL is http://107.170.213.234/catalog
[Common] - Clicked: Proxy element for: DefaultElementLocator &apos;By.linkText: log yourself in&apos;
[Common] - Value entered into [[ChromeDriver: chrome on XP (2cf57b2d28fd180fb95dddd3db4f8a1e)] -&gt; name: email_address]: lars@test.com
[Common] - Value entered into [[ChromeDriver: chrome on XP (2cf57b2d28fd180fb95dddd3db4f8a1e)] -&gt; name: password]: incorrect
[Common] - Clicked: [[ChromeDriver: chrome on XP (2cf57b2d28fd180fb95dddd3db4f8a1e)] -&gt; id: tdb5]
[Common] - [[ChromeDriver: chrome on XP (2cf57b2d28fd180fb95dddd3db4f8a1e)] -&gt; xpath: //*[@id=&quot;bodyContent&quot;]/h1] found
[Common] - Text value returned: Welcome, Please Sign In
</system-out>
    <system-err>Starting ChromeDriver 74.0.3729.6 (255758eccf3d244491b8a1317aa76e1ce10d57e9-refs/branch-heads/3729@{#29}) on port 13302
Only local connections are allowed.
Please protect ports used by ChromeDriver and related test frameworks to prevent access by malicious code.
May 28, 2019 7:01:32 PM org.openqa.selenium.remote.ProtocolHandshake createSession
INFO: Detected dialect: OSS
</system-err>
  </testcase>
  <testcase classname="io.platform.project.tests.PlaceAndConfirmOrderTest" name="test" time="15.541"/>
  <testcase classname="io.platform.project.tests.PrintSearchResultsTest" name="printAllResultTitles" time="7.703"/>
</testsuite>