<?xml version="1.0" encoding="UTF-8"?>
<!-- Generated by org.testng.reporters.JUnitXMLReporter -->
<testsuite hostname="Tatar7" failures="0" tests="4" name="Application Test" time="0.032" errors="0" timestamp="7 May 2019 20:42:01 GMT">
  <testcase classname="io.platform.project.homePageTests.TestClass_1" name="testA" time="0.0"/>
  <testcase classname="io.platform.project.homePageTests.TestClass_1" name="testB" time="0.0"/>
  <testcase classname="io.platform.project.homePageTests.TestClass_2" name="test1" time="0.0"/>
  <testcase classname="io.platform.project.homePageTests.TestClass_2" name="test2" time="0.0"/>
</testsuite> <!-- Application Test -->
